[09-Jul-2014 12:00:56 America/New_York] PHP Warning:  include(/home/jason/dev/TabManager/default_page.php): failed to open stream: No such file or directory in /home/jason/dev/TabManager/entry_page.php on line 4
[09-Jul-2014 12:00:56 America/New_York] PHP Stack trace:
[09-Jul-2014 12:00:56 America/New_York] PHP   1. {main}() /home/jason/dev/TabManager/entry_page.php:0
[09-Jul-2014 12:00:56 America/New_York] PHP Warning:  include(): Failed opening '/home/jason/dev/TabManager/default_page.php' for inclusion (include_path='.:/usr/share/php:/usr/share/pear') in /home/jason/dev/TabManager/entry_page.php on line 4
[09-Jul-2014 12:00:56 America/New_York] PHP Stack trace:
[09-Jul-2014 12:00:56 America/New_York] PHP   1. {main}() /home/jason/dev/TabManager/entry_page.php:0
[09-Jul-2014 12:00:56 America/New_York] PHP Fatal error:  Class 'Default_page' not found in /home/jason/dev/TabManager/entry_page.php on line 13
[09-Jul-2014 12:00:56 America/New_York] PHP Stack trace:
[09-Jul-2014 12:00:56 America/New_York] PHP   1. {main}() /home/jason/dev/TabManager/entry_page.php:0
[09-Jul-2014 12:01:25 America/New_York] PHP Warning:  include(/home/jason/dev/TabManager/wrapper.php): failed to open stream: No such file or directory in /home/jason/dev/TabManager/pages/default_page.php on line 5
[09-Jul-2014 12:01:25 America/New_York] PHP Stack trace:
[09-Jul-2014 12:01:25 America/New_York] PHP   1. {main}() /home/jason/dev/TabManager/entry_page.php:0
[09-Jul-2014 12:01:25 America/New_York] PHP   2. include() /home/jason/dev/TabManager/entry_page.php:4
[09-Jul-2014 12:01:25 America/New_York] PHP Warning:  include(): Failed opening '/home/jason/dev/TabManager/wrapper.php' for inclusion (include_path='.:/usr/share/php:/usr/share/pear') in /home/jason/dev/TabManager/pages/default_page.php on line 5
[09-Jul-2014 12:01:25 America/New_York] PHP Stack trace:
[09-Jul-2014 12:01:25 America/New_York] PHP   1. {main}() /home/jason/dev/TabManager/entry_page.php:0
[09-Jul-2014 12:01:25 America/New_York] PHP   2. include() /home/jason/dev/TabManager/entry_page.php:4
[09-Jul-2014 12:01:25 America/New_York] PHP Fatal error:  Class 'SmartyWrapper' not found in /home/jason/dev/TabManager/pages/default_page.php on line 10
[09-Jul-2014 12:01:25 America/New_York] PHP Stack trace:
[09-Jul-2014 12:01:25 America/New_York] PHP   1. {main}() /home/jason/dev/TabManager/entry_page.php:0
[09-Jul-2014 12:01:25 America/New_York] PHP   2. include() /home/jason/dev/TabManager/entry_page.php:4
[09-Jul-2014 12:02:28 America/New_York] PHP Notice:  Undefined property: Default_page::$user in /usr/share/php/smarty3/Smarty.class.php on line 671
[09-Jul-2014 12:02:28 America/New_York] PHP Stack trace:
[09-Jul-2014 12:02:28 America/New_York] PHP   1. {main}() /home/jason/dev/TabManager/entry_page.php:0
[09-Jul-2014 12:02:28 America/New_York] PHP   2. startup() /home/jason/dev/TabManager/entry_page.php:31
[09-Jul-2014 12:02:28 America/New_York] PHP   3. Smarty->__get() /home/jason/dev/TabManager/entry_page.php:49
[09-Jul-2014 12:02:28 America/New_York] PHP   4. trigger_error() /usr/share/php/smarty3/Smarty.class.php:671
[09-Jul-2014 12:03:41 America/New_York] PHP Notice:  Undefined index: ROOT_PATH in /home/jason/dev/TabManager/newtab_page.php on line 4
[09-Jul-2014 12:03:41 America/New_York] PHP Stack trace:
[09-Jul-2014 12:03:41 America/New_York] PHP   1. {main}() /home/jason/dev/TabManager/newtab_page.php:0
[09-Jul-2014 12:03:41 America/New_York] PHP Warning:  include(/default_page.php): failed to open stream: No such file or directory in /home/jason/dev/TabManager/newtab_page.php on line 6
[09-Jul-2014 12:03:41 America/New_York] PHP Stack trace:
[09-Jul-2014 12:03:41 America/New_York] PHP   1. {main}() /home/jason/dev/TabManager/newtab_page.php:0
[09-Jul-2014 12:03:41 America/New_York] PHP Warning:  include(): Failed opening '/default_page.php' for inclusion (include_path='.:/usr/share/php:/usr/share/pear') in /home/jason/dev/TabManager/newtab_page.php on line 6
[09-Jul-2014 12:03:41 America/New_York] PHP Stack trace:
[09-Jul-2014 12:03:41 America/New_York] PHP   1. {main}() /home/jason/dev/TabManager/newtab_page.php:0
[09-Jul-2014 12:03:41 America/New_York] PHP Fatal error:  Class 'Default_page' not found in /home/jason/dev/TabManager/newtab_page.php on line 17
[09-Jul-2014 12:03:41 America/New_York] PHP Stack trace:
[09-Jul-2014 12:03:41 America/New_York] PHP   1. {main}() /home/jason/dev/TabManager/newtab_page.php:0
[11-Jul-2014 17:40:53 America/New_York] PHP Warning:  password_verify() expects exactly 2 parameters, 3 given in /home/jason/dev/TabManager/create_user.php on line 5
[11-Jul-2014 17:40:53 America/New_York] PHP Stack trace:
[11-Jul-2014 17:40:53 America/New_York] PHP   1. {main}() /home/jason/dev/TabManager/create_user.php:0
[11-Jul-2014 17:40:53 America/New_York] PHP   2. password_verify() /home/jason/dev/TabManager/create_user.php:5
[11-Jul-2014 17:52:36 America/New_York] PHP Notice:  Undefined variable: U in /home/jason/dev/TabManager/create_user.php on line 11
[11-Jul-2014 17:52:36 America/New_York] PHP Stack trace:
[11-Jul-2014 17:52:36 America/New_York] PHP   1. {main}() /home/jason/dev/TabManager/create_user.php:0
[11-Jul-2014 18:36:37 America/New_York] PHP Fatal error:  Uncaught exception 'SmartyException' with message 'Call of unknown method 'assign_username'.' in /usr/share/php/smarty3/sysplugins/smarty_internal_templatebase.php:806
Stack trace:
#0 /home/jason/dev/TabManager/newtab_page.php(96): Smarty_Internal_TemplateBase->__call('assign_username', Array)
#1 /home/jason/dev/TabManager/newtab_page.php(96): newtab_page->assign_username(''Jack'')
#2 {main}
  thrown in /usr/share/php/smarty3/sysplugins/smarty_internal_templatebase.php on line 806
[13-Jul-2014 19:18:31 America/New_York] PHP Notice:  Undefined variable: con in /home/jason/dev/TabManager/newtab_page.php on line 68
[13-Jul-2014 19:18:31 America/New_York] PHP Stack trace:
[13-Jul-2014 19:18:31 America/New_York] PHP   1. {main}() /home/jason/dev/TabManager/newtab_page.php:0
[13-Jul-2014 19:18:31 America/New_York] PHP   2. newtab_page->balance() /home/jason/dev/TabManager/newtab_page.php:115
[13-Jul-2014 19:18:31 America/New_York] PHP Notice:  Undefined property: newtab_page::$ in /usr/share/php/smarty3/Smarty.class.php on line 671
[13-Jul-2014 19:18:31 America/New_York] PHP Stack trace:
[13-Jul-2014 19:18:31 America/New_York] PHP   1. {main}() /home/jason/dev/TabManager/newtab_page.php:0
[13-Jul-2014 19:18:31 America/New_York] PHP   2. newtab_page->balance() /home/jason/dev/TabManager/newtab_page.php:115
[13-Jul-2014 19:18:31 America/New_York] PHP   3. Smarty->__get() /home/jason/dev/TabManager/newtab_page.php:68
[13-Jul-2014 19:18:31 America/New_York] PHP   4. trigger_error() /usr/share/php/smarty3/Smarty.class.php:671
[13-Jul-2014 19:18:31 America/New_York] PHP Fatal error:  Call to a member function prepare() on null in /home/jason/dev/TabManager/newtab_page.php on line 68
[13-Jul-2014 19:18:31 America/New_York] PHP Stack trace:
[13-Jul-2014 19:18:31 America/New_York] PHP   1. {main}() /home/jason/dev/TabManager/newtab_page.php:0
[13-Jul-2014 19:18:31 America/New_York] PHP   2. newtab_page->balance() /home/jason/dev/TabManager/newtab_page.php:115
[13-Jul-2014 19:18:51 America/New_York] PHP Fatal error:  Using $this when not in object context in /home/jason/dev/TabManager/newtab_page.php on line 124
[13-Jul-2014 19:18:51 America/New_York] PHP Stack trace:
[13-Jul-2014 19:18:51 America/New_York] PHP   1. {main}() /home/jason/dev/TabManager/newtab_page.php:0
[13-Jul-2014 19:36:19 America/New_York] PHP Notice:  Undefined index: booluser in /home/jason/dev/TabManager/pages/templates_c/en^56766943ccebf214245629ba0c38c1c747f2d3d5.file.newtab.tpl.php on line 61
[13-Jul-2014 19:36:19 America/New_York] PHP Stack trace:
[13-Jul-2014 19:36:19 America/New_York] PHP   1. {main}() /home/jason/dev/TabManager/newtab_page.php:0
[13-Jul-2014 19:36:19 America/New_York] PHP   2. newtab_page->semantic_check() /home/jason/dev/TabManager/newtab_page.php:118
[13-Jul-2014 19:36:19 America/New_York] PHP   3. SmartyWrapper->display_temp() /home/jason/dev/TabManager/newtab_page.php:59
[13-Jul-2014 19:36:19 America/New_York] PHP   4. Smarty_Internal_TemplateBase->display() /home/jason/dev/TabManager/pages/wrapper.php:30
[13-Jul-2014 19:36:19 America/New_York] PHP   5. Smarty_Internal_TemplateBase->fetch() /usr/share/php/smarty3/sysplugins/smarty_internal_templatebase.php:374
[13-Jul-2014 19:36:19 America/New_York] PHP   6. content_53bacdc9f10e60_62644336() /usr/share/php/smarty3/sysplugins/smarty_internal_templatebase.php:180
[13-Jul-2014 19:36:19 America/New_York] PHP Notice:  Trying to get property of non-object in /home/jason/dev/TabManager/pages/templates_c/en^56766943ccebf214245629ba0c38c1c747f2d3d5.file.newtab.tpl.php on line 61
[13-Jul-2014 19:36:19 America/New_York] PHP Stack trace:
[13-Jul-2014 19:36:19 America/New_York] PHP   1. {main}() /home/jason/dev/TabManager/newtab_page.php:0
[13-Jul-2014 19:36:19 America/New_York] PHP   2. newtab_page->semantic_check() /home/jason/dev/TabManager/newtab_page.php:118
[13-Jul-2014 19:36:19 America/New_York] PHP   3. SmartyWrapper->display_temp() /home/jason/dev/TabManager/newtab_page.php:59
[13-Jul-2014 19:36:19 America/New_York] PHP   4. Smarty_Internal_TemplateBase->display() /home/jason/dev/TabManager/pages/wrapper.php:30
[13-Jul-2014 19:36:19 America/New_York] PHP   5. Smarty_Internal_TemplateBase->fetch() /usr/share/php/smarty3/sysplugins/smarty_internal_templatebase.php:374
[13-Jul-2014 19:36:19 America/New_York] PHP   6. content_53bacdc9f10e60_62644336() /usr/share/php/smarty3/sysplugins/smarty_internal_templatebase.php:180
[13-Jul-2014 19:36:19 America/New_York] PHP Notice:  Undefined index: booltab in /home/jason/dev/TabManager/pages/templates_c/en^56766943ccebf214245629ba0c38c1c747f2d3d5.file.newtab.tpl.php on line 63
[13-Jul-2014 19:36:19 America/New_York] PHP Stack trace:
[13-Jul-2014 19:36:19 America/New_York] PHP   1. {main}() /home/jason/dev/TabManager/newtab_page.php:0
[13-Jul-2014 19:36:19 America/New_York] PHP   2. newtab_page->semantic_check() /home/jason/dev/TabManager/newtab_page.php:118
[13-Jul-2014 19:36:19 America/New_York] PHP   3. SmartyWrapper->display_temp() /home/jason/dev/TabManager/newtab_page.php:59
[13-Jul-2014 19:36:19 America/New_York] PHP   4. Smarty_Internal_TemplateBase->display() /home/jason/dev/TabManager/pages/wrapper.php:30
[13-Jul-2014 19:36:19 America/New_York] PHP   5. Smarty_Internal_TemplateBase->fetch() /usr/share/php/smarty3/sysplugins/smarty_internal_templatebase.php:374
[13-Jul-2014 19:36:19 America/New_York] PHP   6. content_53bacdc9f10e60_62644336() /usr/share/php/smarty3/sysplugins/smarty_internal_templatebase.php:180
[13-Jul-2014 19:36:19 America/New_York] PHP Notice:  Trying to get property of non-object in /home/jason/dev/TabManager/pages/templates_c/en^56766943ccebf214245629ba0c38c1c747f2d3d5.file.newtab.tpl.php on line 63
[13-Jul-2014 19:36:19 America/New_York] PHP Stack trace:
[13-Jul-2014 19:36:19 America/New_York] PHP   1. {main}() /home/jason/dev/TabManager/newtab_page.php:0
[13-Jul-2014 19:36:19 America/New_York] PHP   2. newtab_page->semantic_check() /home/jason/dev/TabManager/newtab_page.php:118
[13-Jul-2014 19:36:19 America/New_York] PHP   3. SmartyWrapper->display_temp() /home/jason/dev/TabManager/newtab_page.php:59
[13-Jul-2014 19:36:19 America/New_York] PHP   4. Smarty_Internal_TemplateBase->display() /home/jason/dev/TabManager/pages/wrapper.php:30
[13-Jul-2014 19:36:19 America/New_York] PHP   5. Smarty_Internal_TemplateBase->fetch() /usr/share/php/smarty3/sysplugins/smarty_internal_templatebase.php:374
[13-Jul-2014 19:36:19 America/New_York] PHP   6. content_53bacdc9f10e60_62644336() /usr/share/php/smarty3/sysplugins/smarty_internal_templatebase.php:180
[13-Jul-2014 19:38:25 America/New_York] PHP Notice:  Undefined index: booltab in /home/jason/dev/TabManager/pages/templates_c/en^56766943ccebf214245629ba0c38c1c747f2d3d5.file.newtab.tpl.php on line 63
[13-Jul-2014 19:38:25 America/New_York] PHP Stack trace:
[13-Jul-2014 19:38:25 America/New_York] PHP   1. {main}() /home/jason/dev/TabManager/newtab_page.php:0
[13-Jul-2014 19:38:25 America/New_York] PHP   2. newtab_page->semantic_check() /home/jason/dev/TabManager/newtab_page.php:119
[13-Jul-2014 19:38:25 America/New_York] PHP   3. SmartyWrapper->display_temp() /home/jason/dev/TabManager/newtab_page.php:60
[13-Jul-2014 19:38:25 America/New_York] PHP   4. Smarty_Internal_TemplateBase->display() /home/jason/dev/TabManager/pages/wrapper.php:30
[13-Jul-2014 19:38:25 America/New_York] PHP   5. Smarty_Internal_TemplateBase->fetch() /usr/share/php/smarty3/sysplugins/smarty_internal_templatebase.php:374
[13-Jul-2014 19:38:25 America/New_York] PHP   6. content_53bacdc9f10e60_62644336() /usr/share/php/smarty3/sysplugins/smarty_internal_templatebase.php:180
[13-Jul-2014 19:38:25 America/New_York] PHP Notice:  Trying to get property of non-object in /home/jason/dev/TabManager/pages/templates_c/en^56766943ccebf214245629ba0c38c1c747f2d3d5.file.newtab.tpl.php on line 63
[13-Jul-2014 19:38:25 America/New_York] PHP Stack trace:
[13-Jul-2014 19:38:25 America/New_York] PHP   1. {main}() /home/jason/dev/TabManager/newtab_page.php:0
[13-Jul-2014 19:38:25 America/New_York] PHP   2. newtab_page->semantic_check() /home/jason/dev/TabManager/newtab_page.php:119
[13-Jul-2014 19:38:25 America/New_York] PHP   3. SmartyWrapper->display_temp() /home/jason/dev/TabManager/newtab_page.php:60
[13-Jul-2014 19:38:25 America/New_York] PHP   4. Smarty_Internal_TemplateBase->display() /home/jason/dev/TabManager/pages/wrapper.php:30
[13-Jul-2014 19:38:25 America/New_York] PHP   5. Smarty_Internal_TemplateBase->fetch() /usr/share/php/smarty3/sysplugins/smarty_internal_templatebase.php:374
[13-Jul-2014 19:38:25 America/New_York] PHP   6. content_53bacdc9f10e60_62644336() /usr/share/php/smarty3/sysplugins/smarty_internal_templatebase.php:180
[13-Jul-2014 19:40:02 America/New_York] PHP Notice:  Undefined index: booltab in /home/jason/dev/TabManager/pages/templates_c/en^56766943ccebf214245629ba0c38c1c747f2d3d5.file.newtab.tpl.php on line 63
[13-Jul-2014 19:40:02 America/New_York] PHP Stack trace:
[13-Jul-2014 19:40:02 America/New_York] PHP   1. {main}() /home/jason/dev/TabManager/newtab_page.php:0
[13-Jul-2014 19:40:02 America/New_York] PHP   2. newtab_page->semantic_check() /home/jason/dev/TabManager/newtab_page.php:119
[13-Jul-2014 19:40:02 America/New_York] PHP   3. SmartyWrapper->display_temp() /home/jason/dev/TabManager/newtab_page.php:60
[13-Jul-2014 19:40:02 America/New_York] PHP   4. Smarty_Internal_TemplateBase->display() /home/jason/dev/TabManager/pages/wrapper.php:30
[13-Jul-2014 19:40:02 America/New_York] PHP   5. Smarty_Internal_TemplateBase->fetch() /usr/share/php/smarty3/sysplugins/smarty_internal_templatebase.php:374
[13-Jul-2014 19:40:02 America/New_York] PHP   6. content_53bacdc9f10e60_62644336() /usr/share/php/smarty3/sysplugins/smarty_internal_templatebase.php:180
[13-Jul-2014 19:40:02 America/New_York] PHP Notice:  Trying to get property of non-object in /home/jason/dev/TabManager/pages/templates_c/en^56766943ccebf214245629ba0c38c1c747f2d3d5.file.newtab.tpl.php on line 63
[13-Jul-2014 19:40:02 America/New_York] PHP Stack trace:
[13-Jul-2014 19:40:02 America/New_York] PHP   1. {main}() /home/jason/dev/TabManager/newtab_page.php:0
[13-Jul-2014 19:40:02 America/New_York] PHP   2. newtab_page->semantic_check() /home/jason/dev/TabManager/newtab_page.php:119
[13-Jul-2014 19:40:02 America/New_York] PHP   3. SmartyWrapper->display_temp() /home/jason/dev/TabManager/newtab_page.php:60
[13-Jul-2014 19:40:02 America/New_York] PHP   4. Smarty_Internal_TemplateBase->display() /home/jason/dev/TabManager/pages/wrapper.php:30
[13-Jul-2014 19:40:02 America/New_York] PHP   5. Smarty_Internal_TemplateBase->fetch() /usr/share/php/smarty3/sysplugins/smarty_internal_templatebase.php:374
[13-Jul-2014 19:40:02 America/New_York] PHP   6. content_53bacdc9f10e60_62644336() /usr/share/php/smarty3/sysplugins/smarty_internal_templatebase.php:180
[13-Jul-2014 19:43:06 America/New_York] PHP Notice:  Undefined index: boolamount in /home/jason/dev/TabManager/pages/templates_c/en^56766943ccebf214245629ba0c38c1c747f2d3d5.file.newtab.tpl.php on line 65
[13-Jul-2014 19:43:06 America/New_York] PHP Stack trace:
[13-Jul-2014 19:43:06 America/New_York] PHP   1. {main}() /home/jason/dev/TabManager/newtab_page.php:0
[13-Jul-2014 19:43:06 America/New_York] PHP   2. SmartyWrapper->display_temp() /home/jason/dev/TabManager/newtab_page.php:155
[13-Jul-2014 19:43:06 America/New_York] PHP   3. Smarty_Internal_TemplateBase->display() /home/jason/dev/TabManager/pages/wrapper.php:30
[13-Jul-2014 19:43:06 America/New_York] PHP   4. Smarty_Internal_TemplateBase->fetch() /usr/share/php/smarty3/sysplugins/smarty_internal_templatebase.php:374
[13-Jul-2014 19:43:06 America/New_York] PHP   5. content_53bacdc9f10e60_62644336() /usr/share/php/smarty3/sysplugins/smarty_internal_templatebase.php:180
[13-Jul-2014 19:43:06 America/New_York] PHP Notice:  Trying to get property of non-object in /home/jason/dev/TabManager/pages/templates_c/en^56766943ccebf214245629ba0c38c1c747f2d3d5.file.newtab.tpl.php on line 65
[13-Jul-2014 19:43:06 America/New_York] PHP Stack trace:
[13-Jul-2014 19:43:06 America/New_York] PHP   1. {main}() /home/jason/dev/TabManager/newtab_page.php:0
[13-Jul-2014 19:43:06 America/New_York] PHP   2. SmartyWrapper->display_temp() /home/jason/dev/TabManager/newtab_page.php:155
[13-Jul-2014 19:43:06 America/New_York] PHP   3. Smarty_Internal_TemplateBase->display() /home/jason/dev/TabManager/pages/wrapper.php:30
[13-Jul-2014 19:43:06 America/New_York] PHP   4. Smarty_Internal_TemplateBase->fetch() /usr/share/php/smarty3/sysplugins/smarty_internal_templatebase.php:374
[13-Jul-2014 19:43:06 America/New_York] PHP   5. content_53bacdc9f10e60_62644336() /usr/share/php/smarty3/sysplugins/smarty_internal_templatebase.php:180
[13-Jul-2014 19:50:27 America/New_York] PHP Warning:  print_r() expects at most 2 parameters, 6 given in /home/jason/dev/TabManager/newtab_page.php on line 138
[13-Jul-2014 19:50:27 America/New_York] PHP Stack trace:
[13-Jul-2014 19:50:27 America/New_York] PHP   1. {main}() /home/jason/dev/TabManager/newtab_page.php:0
[13-Jul-2014 19:50:27 America/New_York] PHP   2. print_r() /home/jason/dev/TabManager/newtab_page.php:138
